OrderActivity/app/build/intermediates/manifest_merge_blame_file/debug/manifest-merger-blame-debug-report.txt
1<?xml version="1.0" encoding="utf-8"?>
2<manifest xmlns:android="http://schemas.android.com/apk/res/android"
3    package="it_school.sumdu.edu.ua.orderactivity"
4    android:versionCode="1"
5    android:versionName="1.0" >
6
7    <uses-sdk
8        android:minSdkVersion="16"
8-->src\main\AndroidManifest.xml
9        android:targetSdkVersion="33" />
9-->src\main\AndroidManifest.xml
10
11    <permission
11-->[androidx.core:core:1.9.0] AndroidManifest.xml:22:5-24:47
12        android:name="it_school.sumdu.edu.ua.orderactivity.DYNAMIC_RECEIVER_NOT_EXPORTED_PERMISSION"
12-->[androidx.core:core:1.9.0] AndroidManifest.xml:23:9-81
13        android:protectionLevel="signature" />
13-->[androidx.core:core:1.9.0] AndroidManifest.xml:24:9-44
14
15    <uses-permission android:name="it_school.sumdu.edu.ua.orderactivity.DYNAMIC_RECEIVER_NOT_EXPORTED_PERMISSION" />
15-->[androidx.core:core:1.9.0] AndroidManifest.xml:26:5-97
15-->[androidx.core:core:1.9.0] AndroidManifest.xml:26:22-94
16
17    <application
17-->src\main\AndroidManifest.xml:6:5-50:19
18        android:allowBackup="true"
18-->src\main\AndroidManifest.xml:7:9-35
19        android:appComponentFactory="androidx.core.app.CoreComponentFactory"
19-->[androidx.core:core:1.9.0] AndroidManifest.xml:28:18-86
20        android:dataExtractionRules="@xml/data_extraction_rules"
20-->src\main\AndroidManifest.xml:8:9-65
21        android:debuggable="true"
22        android:fullBackupContent="@xml/backup_rules"
22-->src\main\AndroidManifest.xml:9:9-54
23        android:icon="@mipmap/ic_launcher"
23-->src\main\AndroidManifest.xml:10:9-43
24        android:label="@string/app_name"
24-->src\main\AndroidManifest.xml:11:9-41
25        android:supportsRtl="true"
25-->src\main\AndroidManifest.xml:12:9-35
26        android:testOnly="true"
27        android:theme="@style/Theme.OrderActivity" >
27-->src\main\AndroidManifest.xml:13:9-51
28        <activity
28-->src\main\AndroidManifest.xml:15:9-23:20
29            android:name="it_school.sumdu.edu.ua.orderactivity.IceCreamActivity"
29-->src\main\AndroidManifest.xml:16:13-45
30            android:exported="false"
30-->src\main\AndroidManifest.xml:17:13-37
31            android:label="@string/icecream_name"
31-->src\main\AndroidManifest.xml:18:13-50
32            android:parentActivityName="it_school.sumdu.edu.ua.orderactivity.MainActivity" >
32-->src\main\AndroidManifest.xml:19:13-55
33            <meta-data
33-->src\main\AndroidManifest.xml:20:13-22:49
34                android:name="android.support.PARENT_ACTIVITY"
34-->src\main\AndroidManifest.xml:21:17-63
35                android:value=".MainActivity" />
35-->src\main\AndroidManifest.xml:22:17-46
36        </activity>
37        <activity
37-->src\main\AndroidManifest.xml:24:9-32:20
38            android:name="it_school.sumdu.edu.ua.orderactivity.FroyoActivity"
38-->src\main\AndroidManifest.xml:25:13-42
39            android:exported="false"
39-->src\main\AndroidManifest.xml:26:13-37
40            android:label="@string/froyo_name"
40-->src\main\AndroidManifest.xml:27:13-47
41            android:parentActivityName="it_school.sumdu.edu.ua.orderactivity.MainActivity" >
41-->src\main\AndroidManifest.xml:28:13-55
42            <meta-data
42-->src\main\AndroidManifest.xml:20:13-22:49
43                android:name="android.support.PARENT_ACTIVITY"
43-->src\main\AndroidManifest.xml:21:17-63
44                android:value=".MainActivity" />
44-->src\main\AndroidManifest.xml:22:17-46
45        </activity>
46        <activity
46-->src\main\AndroidManifest.xml:33:9-41:20
47            android:name="it_school.sumdu.edu.ua.orderactivity.DonutActivity"
47-->src\main\AndroidManifest.xml:34:13-42
48            android:exported="false"
48-->src\main\AndroidManifest.xml:35:13-37
49            android:label="@string/donut_name"
49-->src\main\AndroidManifest.xml:36:13-47
50            android:parentActivityName="it_school.sumdu.edu.ua.orderactivity.MainActivity" >
50-->src\main\AndroidManifest.xml:37:13-55
51            <meta-data
51-->src\main\AndroidManifest.xml:20:13-22:49
52                android:name="android.support.PARENT_ACTIVITY"
52-->src\main\AndroidManifest.xml:21:17-63
53                android:value=".MainActivity" />
53-->src\main\AndroidManifest.xml:22:17-46
54        </activity>
55        <activity
55-->src\main\AndroidManifest.xml:42:9-49:20
56            android:name="it_school.sumdu.edu.ua.orderactivity.MainActivity"
56-->src\main\AndroidManifest.xml:43:13-41
57            android:exported="true" >
57-->src\main\AndroidManifest.xml:44:13-36
58            <intent-filter>
58-->src\main\AndroidManifest.xml:45:13-48:29
59                <action android:name="android.intent.action.MAIN" />
59-->src\main\AndroidManifest.xml:46:17-69
59-->src\main\AndroidManifest.xml:46:25-66
60
61                <category android:name="android.intent.category.LAUNCHER" />
61-->src\main\AndroidManifest.xml:47:17-77
61-->src\main\AndroidManifest.xml:47:27-74
62            </intent-filter>
63        </activity>
64
65        <provider
65-->[androidx.emoji2:emoji2:1.2.0] AndroidManifest.xml:24:9-32:20
66            android:name="androidx.startup.InitializationProvider"
66-->[androidx.emoji2:emoji2:1.2.0] AndroidManifest.xml:25:13-67
67            android:authorities="it_school.sumdu.edu.ua.orderactivity.androidx-startup"
67-->[androidx.emoji2:emoji2:1.2.0] AndroidManifest.xml:26:13-68
68            android:exported="false" >
68-->[androidx.emoji2:emoji2:1.2.0] AndroidManifest.xml:27:13-37
69            <meta-data
69-->[androidx.emoji2:emoji2:1.2.0] AndroidManifest.xml:29:13-31:52
70                android:name="androidx.emoji2.text.EmojiCompatInitializer"
70-->[androidx.emoji2:emoji2:1.2.0] AndroidManifest.xml:30:17-75
71                android:value="androidx.startup" />
71-->[androidx.emoji2:emoji2:1.2.0] AndroidManifest.xml:31:17-49
72            <meta-data
72-->[androidx.lifecycle:lifecycle-process:2.4.1] AndroidManifest.xml:31:13-33:52
73                android:name="androidx.lifecycle.ProcessLifecycleInitializer"
73-->[androidx.lifecycle:lifecycle-process:2.4.1] AndroidManifest.xml:32:17-78
74                android:value="androidx.startup" />
74-->[androidx.lifecycle:lifecycle-process:2.4.1] AndroidManifest.xml:33:17-49
75        </provider>
76    </application>
77
78</manifest>